@storybook/cli v7.0.26

info => Cleaning outputDir: C:\\Users\\grand\\AppData\\Local\\Temp\\chromatic--3996-P80itFK4cgB0
info => Loading presets
info => Building manager..
info => Manager built (742 ms)
info => Copying static files: D:\DesignSystem\SiraaSDesignSystem\node_modules\@storybook\manager\static at C:\Users\grand\AppData\Local\Temp\chromatic--3996-P80itFK4cgB0\sb-common-assets
WARN No story files found for the specified pattern: src\**\*.mdx
[36mvite v4.3.9 [32mbuilding for production...[36m[39m

./sb-common-assets/fonts.css doesn't exist at build time, it will remain unchanged to be resolved at runtime
transforming...
node_modules/telejson/dist/index.mjs (1394:15) Use of eval in "node_modules/telejson/dist/index.mjs" is strongly discouraged as it poses security risks and may cause issues with minification.
node_modules/telejson/dist/index.mjs (1397:18) Use of eval in "node_modules/telejson/dist/index.mjs" is strongly discouraged as it poses security risks and may cause issues with minification.
[32m✓[39m 608 modules transformed.
rendering chunks...
computing gzip size...
[2mC:/Users/grand/AppData/Local/Temp/chromatic--3996-P80itFK4cgB0/[22m[32miframe.html                                                                 [39m[1m[2m 12.74 kB[22m[1m[22m[2m │ gzip:   3.56 kB[22m
[2mC:/Users/grand/AppData/Local/Temp/chromatic--3996-P80itFK4cgB0/[22m[36massets/index-d475d2ea.js                                                    [39m[1m[2m  0.21 kB[22m[1m[22m[2m │ gzip:   0.17 kB[22m[2m │ map:     0.81 kB[22m
[2mC:/Users/grand/AppData/Local/Temp/chromatic--3996-P80itFK4cgB0/[22m[36massets/emotion-use-insertion-effect-with-fallbacks.browser.esm-16f43d9e.js  [39m[1m[2m  0.28 kB[22m[1m[22m[2m │ gzip:   0.23 kB[22m[2m │ map:     1.12 kB[22m
[2mC:/Users/grand/AppData/Local/Temp/chromatic--3996-P80itFK4cgB0/[22m[36massets/extends-98964cd2.js                                                  [39m[1m[2m  0.29 kB[22m[1m[22m[2m │ gzip:   0.23 kB[22m[2m │ map:     0.97 kB[22m
[2mC:/Users/grand/AppData/Local/Temp/chromatic--3996-P80itFK4cgB0/[22m[36massets/WithTooltip-FBT32F6Q-8824dc52.js                                     [39m[1m[2m  0.59 kB[22m[1m[22m[2m │ gzip:   0.35 kB[22m[2m │ map:     0.11 kB[22m
[2mC:/Users/grand/AppData/Local/Temp/chromatic--3996-P80itFK4cgB0/[22m[36massets/syntaxhighlighter-QTQ2UBB4-4e5cc5a6.js                               [39m[1m[2m  0.61 kB[22m[1m[22m[2m │ gzip:   0.38 kB[22m[2m │ map:     0.12 kB[22m
[2mC:/Users/grand/AppData/Local/Temp/chromatic--3996-P80itFK4cgB0/[22m[36massets/index-5d2faddc.js                                                    [39m[1m[2m  0.62 kB[22m[1m[22m[2m │ gzip:   0.38 kB[22m[2m │ map:     4.26 kB[22m
[2mC:/Users/grand/AppData/Local/Temp/chromatic--3996-P80itFK4cgB0/[22m[36massets/preview-2e3527f6.js                                                  [39m[1m[2m  0.63 kB[22m[1m[22m[2m │ gzip:   0.40 kB[22m[2m │ map:     2.29 kB[22m
[2mC:/Users/grand/AppData/Local/Temp/chromatic--3996-P80itFK4cgB0/[22m[36massets/preview-b8ed93b3.js                                                  [39m[1m[2m  0.64 kB[22m[1m[22m[2m │ gzip:   0.41 kB[22m[2m │ map:     0.55 kB[22m
[2mC:/Users/grand/AppData/Local/Temp/chromatic--3996-P80itFK4cgB0/[22m[36massets/preview-5ef354f3.js                                                  [39m[1m[2m  0.69 kB[22m[1m[22m[2m │ gzip:   0.49 kB[22m[2m │ map:     3.81 kB[22m
[2mC:/Users/grand/AppData/Local/Temp/chromatic--3996-P80itFK4cgB0/[22m[36massets/_commonjsHelpers-042e6b4d.js                                         [39m[1m[2m  0.78 kB[22m[1m[22m[2m │ gzip:   0.44 kB[22m[2m │ map:     0.11 kB[22m
[2mC:/Users/grand/AppData/Local/Temp/chromatic--3996-P80itFK4cgB0/[22m[36massets/index-356e4a49.js                                                    [39m[1m[2m  0.81 kB[22m[1m[22m[2m │ gzip:   0.51 kB[22m[2m │ map:     3.23 kB[22m
[2mC:/Users/grand/AppData/Local/Temp/chromatic--3996-P80itFK4cgB0/[22m[36massets/index-1fc0ca9a.js                                                    [39m[1m[2m  0.84 kB[22m[1m[22m[2m │ gzip:   0.55 kB[22m[2m │ map:     4.03 kB[22m
[2mC:/Users/grand/AppData/Local/Temp/chromatic--3996-P80itFK4cgB0/[22m[36massets/preview-b1164a2e.js                                                  [39m[1m[2m  0.88 kB[22m[1m[22m[2m │ gzip:   0.58 kB[22m[2m │ map:     2.83 kB[22m
[2mC:/Users/grand/AppData/Local/Temp/chromatic--3996-P80itFK4cgB0/[22m[36massets/StoryLinkWrapper-14d58217.js                                         [39m[1m[2m  1.11 kB[22m[1m[22m[2m │ gzip:   0.52 kB[22m[2m │ map:     1.89 kB[22m
[2mC:/Users/grand/AppData/Local/Temp/chromatic--3996-P80itFK4cgB0/[22m[36massets/animation-6c31d675.js                                                [39m[1m[2m  1.24 kB[22m[1m[22m[2m │ gzip:   0.43 kB[22m[2m │ map:     2.15 kB[22m
[2mC:/Users/grand/AppData/Local/Temp/chromatic--3996-P80itFK4cgB0/[22m[36massets/preview-f5c2607a.js                                                  [39m[1m[2m  1.82 kB[22m[1m[22m[2m │ gzip:   0.97 kB[22m[2m │ map:     3.74 kB[22m
[2mC:/Users/grand/AppData/Local/Temp/chromatic--3996-P80itFK4cgB0/[22m[36massets/chunk-OPEUWD42-a3b45fd8.js                                           [39m[1m[2m  1.88 kB[22m[1m[22m[2m │ gzip:   1.03 kB[22m[2m │ map:     8.68 kB[22m
[2mC:/Users/grand/AppData/Local/Temp/chromatic--3996-P80itFK4cgB0/[22m[36massets/styles-712a09bd.js                                                   [39m[1m[2m  2.13 kB[22m[1m[22m[2m │ gzip:   1.20 kB[22m[2m │ map:    19.68 kB[22m
[2mC:/Users/grand/AppData/Local/Temp/chromatic--3996-P80itFK4cgB0/[22m[36massets/index-d37d4223.js                                                    [39m[1m[2m  2.63 kB[22m[1m[22m[2m │ gzip:   1.30 kB[22m[2m │ map:     7.44 kB[22m
[2mC:/Users/grand/AppData/Local/Temp/chromatic--3996-P80itFK4cgB0/[22m[36massets/preview-770cc08b.js                                                  [39m[1m[2m  3.22 kB[22m[1m[22m[2m │ gzip:   1.39 kB[22m[2m │ map:     9.99 kB[22m
[2mC:/Users/grand/AppData/Local/Temp/chromatic--3996-P80itFK4cgB0/[22m[36massets/Icon.stories-601563d6.js                                             [39m[1m[2m  3.25 kB[22m[1m[22m[2m │ gzip:   1.28 kB[22m[2m │ map:     0.14 kB[22m
[2mC:/Users/grand/AppData/Local/Temp/chromatic--3996-P80itFK4cgB0/[22m[36massets/Badge.stories-98d4c3d7.js                                            [39m[1m[2m  4.88 kB[22m[1m[22m[2m │ gzip:   1.61 kB[22m[2m │ map:     2.68 kB[22m
[2mC:/Users/grand/AppData/Local/Temp/chromatic--3996-P80itFK4cgB0/[22m[36massets/iframe-e8bf8ccc.js                                                   [39m[1m[2m  6.16 kB[22m[1m[22m[2m │ gzip:   1.87 kB[22m[2m │ map:     5.71 kB[22m
[2mC:/Users/grand/AppData/Local/Temp/chromatic--3996-P80itFK4cgB0/[22m[36massets/Avatar.stories-013d3267.js                                           [39m[1m[2m  6.36 kB[22m[1m[22m[2m │ gzip:   2.14 kB[22m[2m │ map:     5.87 kB[22m
[2mC:/Users/grand/AppData/Local/Temp/chromatic--3996-P80itFK4cgB0/[22m[36massets/index-570b25c1.js                                                    [39m[1m[2m  7.21 kB[22m[1m[22m[2m │ gzip:   2.95 kB[22m[2m │ map:    15.65 kB[22m
[2mC:/Users/grand/AppData/Local/Temp/chromatic--3996-P80itFK4cgB0/[22m[36massets/Link.stories-c05fdc1a.js                                             [39m[1m[2m  7.32 kB[22m[1m[22m[2m │ gzip:   2.31 kB[22m[2m │ map:     6.70 kB[22m
[2mC:/Users/grand/AppData/Local/Temp/chromatic--3996-P80itFK4cgB0/[22m[36massets/preview-d8c963a4.js                                                  [39m[1m[2m  7.67 kB[22m[1m[22m[2m │ gzip:   1.60 kB[22m[2m │ map:    13.65 kB[22m
[2mC:/Users/grand/AppData/Local/Temp/chromatic--3996-P80itFK4cgB0/[22m[36massets/preview-2cd4e1a1.js                                                  [39m[1m[2m  8.00 kB[22m[1m[22m[2m │ gzip:   3.04 kB[22m[2m │ map:    28.05 kB[22m
[2mC:/Users/grand/AppData/Local/Temp/chromatic--3996-P80itFK4cgB0/[22m[36massets/GlobalScrollAreaStyles-XIHNDKUY-4b56d971.js                          [39m[1m[2m 10.57 kB[22m[1m[22m[2m │ gzip:   2.44 kB[22m[2m │ map:    15.70 kB[22m
[2mC:/Users/grand/AppData/Local/Temp/chromatic--3996-P80itFK4cgB0/[22m[36massets/polished.esm-ed3ce7df.js                                             [39m[1m[2m 10.73 kB[22m[1m[22m[2m │ gzip:   3.85 kB[22m[2m │ map:   149.03 kB[22m
[2mC:/Users/grand/AppData/Local/Temp/chromatic--3996-P80itFK4cgB0/[22m[36massets/emotion-react-jsx-runtime.browser.esm-8d4d234d.js                    [39m[1m[2m 18.41 kB[22m[1m[22m[2m │ gzip:   7.37 kB[22m[2m │ map:   108.79 kB[22m
[2mC:/Users/grand/AppData/Local/Temp/chromatic--3996-P80itFK4cgB0/[22m[36massets/preview-0b573777.js                                                  [39m[1m[2m 21.08 kB[22m[1m[22m[2m │ gzip:   7.00 kB[22m[2m │ map:    68.10 kB[22m
[2mC:/Users/grand/AppData/Local/Temp/chromatic--3996-P80itFK4cgB0/[22m[36massets/Button.stories-9a1d8234.js                                           [39m[1m[2m 22.77 kB[22m[1m[22m[2m │ gzip:   3.90 kB[22m[2m │ map:    15.73 kB[22m
[2mC:/Users/grand/AppData/Local/Temp/chromatic--3996-P80itFK4cgB0/[22m[36massets/Color-3YIJY6X7-933f2a07.js                                           [39m[1m[2m 31.20 kB[22m[1m[22m[2m │ gzip:  11.74 kB[22m[2m │ map:   112.26 kB[22m
[2mC:/Users/grand/AppData/Local/Temp/chromatic--3996-P80itFK4cgB0/[22m[36massets/OverlayScrollbars-VAV6LJAB-2b011edd.js                               [39m[1m[2m 59.14 kB[22m[1m[22m[2m │ gzip:  25.38 kB[22m[2m │ map:   277.33 kB[22m
[2mC:/Users/grand/AppData/Local/Temp/chromatic--3996-P80itFK4cgB0/[22m[36massets/Icon-a8ca20d6.js                                                     [39m[1m[2m140.20 kB[22m[1m[22m[2m │ gzip:  51.45 kB[22m[2m │ map:   154.86 kB[22m
[2mC:/Users/grand/AppData/Local/Temp/chromatic--3996-P80itFK4cgB0/[22m[36massets/_getPrototype-10b3bb9a.js                                            [39m[1m[2m213.04 kB[22m[1m[22m[2m │ gzip:  66.68 kB[22m[2m │ map:   650.17 kB[22m
[2mC:/Users/grand/AppData/Local/Temp/chromatic--3996-P80itFK4cgB0/[22m[36massets/config-2b79e035.js                                                   [39m[1m[2m213.45 kB[22m[1m[22m[2m │ gzip:  66.35 kB[22m[2m │ map:   801.37 kB[22m
[2mC:/Users/grand/AppData/Local/Temp/chromatic--3996-P80itFK4cgB0/[22m[36massets/DocsRenderer-EYKKDMVH-bd787d2f.js                                    [39m[1m[2m492.57 kB[22m[1m[22m[2m │ gzip: 162.29 kB[22m[2m │ map: 1,286.80 kB[22m
[2mC:/Users/grand/AppData/Local/Temp/chromatic--3996-P80itFK4cgB0/[22m[36massets/formatter-S4K5WUZV-e4c8007d.js                                       [39m[1m[33m601.78 kB[39m[22m[2m │ gzip: 185.13 kB[22m[2m │ map: 1,314.25 kB[22m
[33m
(!) Some chunks are larger than 500 kBs after minification. Consider:
- Using dynamic import() to code-split the application
- Use build.rollupOptions.output.manualChunks to improve chunking: https://rollupjs.org/configuration-options/#output-manualchunks
- Adjust chunk size limit for this warning via build.chunkSizeWarningLimit.[39m
[32m✓ built in 20.11s[39m
info => Output directory: C:\\Users\\grand\\AppData\\Local\\Temp\\chromatic--3996-P80itFK4cgB0
